0 silly argv {
0 silly argv   _: [ 'create' ],
0 silly argv   lernaVersion: '3.22.1',
0 silly argv   '$0': '../../../.nvm/versions/node/v12.18.0/bin/lerna',
0 silly argv   name: 'useGlobalState'
0 silly argv }
1 notice cli v3.22.1
2 verbose rootPath /home/sackrin/Projects/sackrin/global-hooks
3 info versioning independent
4 error TypeError: Cannot read property 'trim' of undefined
4 error     at module.exports (/home/sackrin/.nvm/versions/node/v12.18.0/lib/node_modules/lerna/node_modules/validate-npm-package-license/index.js:60:20)
4 error     at /home/sackrin/.nvm/versions/node/v12.18.0/lib/node_modules/lerna/node_modules/@lerna/create/lib/lerna-module-data.js:140:19
4 error     at PromZard.<anonymous> (/home/sackrin/.nvm/versions/node/v12.18.0/lib/node_modules/lerna/node_modules/promzard/promzard.js:226:19)
4 error     at onError (/home/sackrin/.nvm/versions/node/v12.18.0/lib/node_modules/lerna/node_modules/read/lib/read.js:94:12)
4 error     at Interface.<anonymous> (/home/sackrin/.nvm/versions/node/v12.18.0/lib/node_modules/lerna/node_modules/read/lib/read.js:66:5)
4 error     at Interface.emit (events.js:315:20)
4 error     at Interface._ttyWrite (readline.js:866:16)
4 error     at ReadStream.onkeypress (readline.js:205:10)
4 error     at ReadStream.emit (events.js:315:20)
4 error     at emitKeys (internal/readline/utils.js:335:14)
4 error     at emitKeys.next (<anonymous>)
4 error     at ReadStream.onData (readline.js:1133:36)
4 error     at ReadStream.emit (events.js:315:20)
4 error     at addChunk (_stream_readable.js:295:12)
4 error     at readableAddChunk (_stream_readable.js:271:9)
